<?xml version="1.0" encoding="UTF-8"?>
<!-- Generated by org.testng.reporters.JUnitReportReporter -->
<testsuite skipped="0" hostname="SwapnilJoshi-PC" name="com.ticketonline.testcases.Orderhistorysearch" tests="1" failures="0" timestamp="22 Dec 2019 23:46:36 GMT" time="250.580" errors="0">
  <testcase name="Orderhistorysearchtest" time="250.580" classname="com.ticketonline.testcases.Orderhistorysearch"/>
</testsuite> <!-- com.ticketonline.testcases.Orderhistorysearch -->
