<?xml version="1.0" encoding="UTF-8"?>
<!-- Generated by org.testng.reporters.JUnitReportReporter -->
<testsuite skipped="0" hostname="SwapnilJoshi-PC" name="com.ticketonline.testcases.LogintoTOL" tests="2" failures="0" timestamp="20 Oct 2019 11:19:25 GMT" time="75.581" errors="0">
  <testcase name="loginapp" time="63.918" classname="com.ticketonline.testcases.LogintoTOL"/>
  <testcase name="logout" time="11.663" classname="com.ticketonline.testcases.LogintoTOL"/>
</testsuite> <!-- com.ticketonline.testcases.LogintoTOL -->
