<?xml version="1.0" encoding="UTF-8"?>
<!-- Generated by org.testng.reporters.JUnitReportReporter -->
<testsuite skipped="0" hostname="SwapnilJoshi-PC" name="com.ticketonline.testcases.Orderhistorysearch" tests="1" failures="0" timestamp="30 Oct 2019 19:10:07 GMT" time="81.279" errors="0">
  <testcase name="Orderhistorysearchtest" time="81.279" classname="com.ticketonline.testcases.Orderhistorysearch"/>
</testsuite> <!-- com.ticketonline.testcases.Orderhistorysearch -->
