<?xml version="1.0" encoding="UTF-8"?>
<!-- Generated by org.testng.reporters.JUnitReportReporter -->
<testsuite skipped="0" hostname="SwapnilJoshi-PC" name="com.ticketonline.testcases.LogintoTOL" tests="2" failures="0" timestamp="20 Oct 2019 06:11:33 GMT" time="41.763" errors="0">
  <testcase name="loginapp" time="40.313" classname="com.ticketonline.testcases.LogintoTOL"/>
  <testcase name="logout" time="1.450" classname="com.ticketonline.testcases.LogintoTOL"/>
</testsuite> <!-- com.ticketonline.testcases.LogintoTOL -->
