<?xml version="1.0" encoding="UTF-8"?>
<!-- Generated by org.testng.reporters.JUnitReportReporter -->
<testsuite skipped="0" hostname="SwapnilJoshi-PC" name="com.ticketonline.testcases.LogintoTOL" tests="2" failures="0" timestamp="30 Oct 2019 16:41:28 GMT" time="29.521" errors="0">
  <testcase name="loginapp" time="28.714" classname="com.ticketonline.testcases.LogintoTOL"/>
  <testcase name="logout" time="0.807" classname="com.ticketonline.testcases.LogintoTOL"/>
</testsuite> <!-- com.ticketonline.testcases.LogintoTOL -->
