<?xml version="1.0" encoding="UTF-8"?>
<!-- Generated by org.testng.reporters.JUnitReportReporter -->
<testsuite skipped="0" hostname="SwapnilJoshi-PC" name="com.ticketonline.testcases.LogintoTOL" tests="2" failures="0" timestamp="20 Dec 2019 07:06:17 GMT" time="39.672" errors="0">
  <testcase name="loginapp" time="38.974" classname="com.ticketonline.testcases.LogintoTOL"/>
  <testcase name="logout" time="0.698" classname="com.ticketonline.testcases.LogintoTOL"/>
</testsuite> <!-- com.ticketonline.testcases.LogintoTOL -->
